SF:lib\src\module\module.dart
DA:19,12
DA:21,1
DA:28,1
DA:32,1
DA:34,1
DA:36,0
DA:38,0
DA:40,1
DA:42,1
DA:43,1
DA:46,1
DA:48,1
DA:54,1
DA:55,3
DA:56,4
DA:59,0
DA:60,0
DA:61,0
DA:69,3
DA:70,12
DA:71,6
DA:74,3
DA:75,9
DA:76,6
DA:79,0
DA:80,0
DA:81,0
DA:84,7
DA:90,3
DA:91,3
DA:95,6
DA:97,3
DA:100,3
DA:102,10
DA:104,2
DA:106,0
DA:108,0
DA:110,24
DA:112,6
DA:115,1
LF:40
LH:30
end_of_record
SF:lib\src\service\service.dart
DA:10,1
LF:1
LH:1
end_of_record
SF:lib\src\slice\content_slice.dart
DA:7,3
LF:1
LH:1
end_of_record
SF:lib\src\application\application.dart
DA:52,8
DA:53,8
DA:55,8
DA:57,8
DA:58,8
DA:59,8
DA:60,8
DA:61,8
DA:62,8
DA:65,1
DA:66,1
DA:70,8
DA:76,8
DA:84,12
DA:103,4
DA:104,4
DA:106,4
DA:108,3
DA:110,4
DA:112,4
DA:113,4
DA:117,1
DA:119,1
DA:122,1
DA:129,3
DA:132,3
DA:135,1
DA:136,2
DA:140,1
DA:141,2
DA:145,1
DA:146,2
DA:149,3
DA:151,17
DA:155,1
DA:156,3
DA:157,3
DA:158,3
DA:159,3
DA:160,3
DA:164,5
DA:165,10
DA:167,5
DA:171,15
DA:172,5
DA:175,5
DA:184,5
DA:186,5
DA:187,10
DA:188,10
DA:189,1
DA:190,0
DA:193,5
DA:194,0
DA:198,15
DA:201,10
DA:208,1
DA:209,2
DA:213,1
DA:215,2
DA:216,2
DA:219,2
DA:221,2
DA:223,3
DA:225,1
DA:231,6
DA:234,3
DA:237,12
DA:240,3
DA:243,6
DA:246,6
DA:251,0
DA:252,0
DA:256,0
DA:259,0
DA:260,0
DA:264,0
DA:265,0
DA:269,0
DA:270,0
DA:276,0
DA:277,0
DA:286,3
DA:292,2
DA:297,9
DA:300,0
DA:303,2
DA:304,4
DA:309,1
DA:310,2
DA:315,9
DA:318,0
DA:321,1
DA:323,0
DA:325,2
DA:330,0
DA:333,0
DA:340,0
DA:341,0
DA:342,0
DA:346,0
DA:349,0
DA:353,0
LF:103
LH:79
end_of_record
SF:lib\src\application\bus\bus_part.dart
DA:9,5
DA:11,5
DA:12,10
DA:15,9
DA:17,5
DA:18,20
DA:21,6
DA:23,1
DA:25,1
DA:27,1
DA:29,4
DA:30,3
DA:31,2
DA:35,3
DA:40,3
DA:44,1
LF:16
LH:16
end_of_record
SF:lib\src\application\utils\frame_mixin.dart
DA:9,0
DA:10,0
DA:11,0
DA:15,0
DA:16,0
LF:5
LH:0
end_of_record
SF:lib\src\application\view\view_model.dart
DA:21,4
DA:31,4
DA:32,4
DA:33,4
DA:34,4
DA:35,4
DA:36,4
DA:37,4
DA:38,4
LF:9
LH:9
end_of_record
SF:lib\src\application\widgets\app_widget.dart
DA:20,3
DA:28,3
DA:36,3
DA:38,3
DA:39,3
DA:49,3
DA:50,3
DA:59,3
DA:62,9
DA:64,9
DA:65,3
DA:66,3
DA:67,3
DA:70,3
DA:71,0
DA:72,0
DA:73,0
DA:74,0
DA:78,9
DA:81,6
DA:82,0
DA:83,0
DA:87,3
DA:91,3
DA:93,3
DA:94,9
DA:97,3
DA:99,3
DA:102,3
DA:105,6
DA:107,3
DA:109,6
DA:110,3
DA:115,3
DA:116,3
DA:117,6
DA:118,3
DA:119,3
DA:121,3
DA:122,3
DA:123,6
DA:124,3
DA:125,6
DA:129,2
DA:130,3
DA:131,3
DA:132,3
DA:133,6
DA:134,3
DA:135,0
DA:138,3
DA:139,3
DA:140,3
DA:141,0
DA:142,0
DA:144,3
DA:145,12
DA:146,6
DA:147,3
DA:148,6
DA:150,6
DA:151,12
DA:155,3
DA:157,3
DA:158,3
DA:159,6
DA:160,3
DA:161,0
DA:162,0
DA:163,0
DA:164,0
DA:165,0
DA:168,0
LF:73
LH:58
end_of_record
SF:lib\src\application\widgets\app_bar.dart
DA:7,1
DA:9,1
DA:10,1
DA:11,1
DA:16,1
DA:17,1
DA:18,1
DA:22,1
DA:24,1
DA:30,1
DA:31,1
DA:33,1
DA:38,1
DA:40,2
LF:14
LH:14
end_of_record
SF:lib\src\application\widgets\app_provider.dart
DA:17,4
DA:24,1
LF:2
LH:2
end_of_record
SF:lib\src\extensions\context.dart
DA:8,0
DA:10,0
DA:12,0
DA:13,0
DA:14,0
DA:16,0
DA:17,0
DA:19,0
DA:20,0
DA:21,0
DA:22,0
DA:24,0
DA:27,0
DA:29,0
DA:31,0
DA:32,0
DA:33,0
DA:34,0
DA:35,0
DA:40,0
LF:20
LH:0
end_of_record
SF:lib\src\application\bus\request.dart
DA:9,1
DA:11,1
DA:12,2
LF:3
LH:3
end_of_record
SF:lib\src\application\bus\response.dart
DA:11,1
LF:1
LH:1
end_of_record
SF:lib\src\content\content.dart
DA:9,5
LF:1
LH:1
end_of_record
SF:lib\src\router\content_route.dart
DA:10,5
DA:15,5
DA:19,0
DA:20,0
DA:21,0
DA:22,0
DA:25,0
DA:26,0
LF:8
LH:2
end_of_record
SF:lib\src\module\module_widget.dart
DA:9,3
DA:15,3
DA:16,3
DA:21,3
DA:23,3
DA:24,9
DA:25,6
DA:26,6
DA:30,3
DA:32,15
DA:33,3
DA:36,3
DA:38,3
DA:39,3
DA:40,9
DA:41,3
DA:42,6
DA:43,9
DA:44,6
DA:45,9
DA:46,6
DA:47,3
DA:48,6
DA:50,15
LF:24
LH:24
end_of_record
SF:lib\src\module\module_provider.dart
DA:11,4
DA:13,4
DA:20,4
DA:23,4
DA:28,1
LF:5
LH:5
end_of_record
SF:lib\src\slice\slice_widget.dart
DA:10,6
DA:17,1
DA:20,1
DA:22,1
DA:23,3
DA:24,2
DA:25,1
DA:27,2
DA:29,1
DA:30,1
DA:31,2
DA:32,1
DA:33,2
DA:34,3
DA:35,2
DA:36,1
DA:37,2
LF:17
LH:17
end_of_record
SF:lib\src\models\view_arguments.dart
DA:1,0
DA:9,8
DA:12,0
DA:13,0
DA:16,0
DA:24,0
DA:26,0
DA:28,0
LF:8
LH:1
end_of_record
SF:lib\src\models\framework_component.dart
DA:18,8
DA:19,8
DA:20,8
DA:23,5
DA:24,5
DA:27,0
DA:29,9
DA:31,10
DA:33,0
DA:48,1
DA:50,3
LF:11
LH:9
end_of_record
SF:lib\src\application\registries\component.dart
DA:10,16
DA:12,8
DA:19,25
DA:20,10
DA:22,18
DA:23,18
DA:25,3
DA:26,6
DA:27,4
DA:28,6
DA:31,1
DA:33,2
DA:35,3
DA:36,2
DA:39,2
DA:43,6
DA:44,12
DA:45,14
DA:46,13
DA:48,12
DA:50,18
DA:53,1
DA:54,2
DA:55,3
DA:57,2
DA:60,1
DA:62,1
DA:64,2
DA:68,1
DA:69,2
DA:76,2
DA:77,3
DA:78,0
DA:84,0
LF:34
LH:32
end_of_record
SF:lib\src\application\registries\route.dart
DA:8,16
DA:10,8
DA:15,26
DA:16,0
DA:18,0
DA:20,8
DA:23,15
DA:25,0
DA:26,0
DA:27,0
DA:30,0
DA:31,0
DA:32,0
DA:33,0
DA:36,5
DA:38,5
DA:40,5
DA:44,10
DA:45,20
DA:46,20
DA:51,5
DA:53,10
DA:55,15
DA:57,10
DA:58,20
DA:62,1
DA:63,2
LF:27
LH:18
end_of_record
SF:lib\src\application\registries\slice.dart
DA:8,16
DA:10,8
DA:15,18
DA:16,0
DA:18,0
DA:20,8
DA:22,9
DA:24,2
DA:25,4
DA:26,18
DA:29,2
DA:30,4
DA:31,2
DA:32,10
DA:35,5
DA:37,5
DA:39,5
DA:43,6
DA:44,12
DA:45,12
DA:50,3
DA:52,6
DA:54,9
DA:56,6
DA:57,12
DA:62,1
DA:63,2
LF:27
LH:25
end_of_record
SF:lib\src\application\controllers\storage_controller.dart
DA:11,8
DA:13,16
DA:14,16
DA:16,5
DA:17,15
DA:18,15
DA:21,1
DA:22,3
DA:23,3
DA:26,1
DA:27,3
DA:30,1
DA:31,3
LF:13
LH:13
end_of_record
SF:lib\src\application\controllers\view_controller.dart
DA:9,16
DA:11,8
DA:21,9
DA:27,0
DA:29,1
DA:31,0
DA:33,4
DA:40,0
DA:41,0
DA:42,0
DA:44,0
DA:49,0
DA:51,0
DA:55,0
DA:58,0
LF:15
LH:5
end_of_record
SF:lib\src\router\framework_router.dart
DA:14,8
DA:16,7
DA:18,3
DA:19,9
DA:20,6
DA:22,18
DA:24,3
DA:26,3
DA:27,12
DA:29,3
DA:31,3
DA:33,3
DA:34,3
DA:38,3
DA:40,3
DA:49,1
DA:50,2
DA:53,1
DA:54,2
DA:55,0
DA:63,4
DA:66,1
DA:67,3
DA:69,2
DA:72,0
DA:73,0
DA:74,0
DA:77,0
DA:80,0
DA:84,0
DA:87,0
DA:88,0
DA:89,0
DA:91,0
DA:92,0
DA:93,0
DA:99,0
DA:101,0
DA:102,0
DA:103,0
LF:40
LH:23
end_of_record
SF:lib\src\models\super_navigation_observer.dart
DA:7,0
DA:9,0
LF:2
LH:0
end_of_record
